Arguments: 
  /home/marc/.nvm/versions/node/v12.18.3/bin/node /home/linuxbrew/.linuxbrew/Cellar/yarn/1.22.17/libexec/bin/yarn.js add global libman

PATH: 
  /home/marc/.nvm/versions/node/v12.18.3/bin:/home/marc/.pyenv/plugins/pyenv-virtualenv/shims:/home/linuxbrew/.linuxbrew/opt/openvpn/sbin:/usr/lib64/ccache:/usr/local/bin:/usr/local/sbin:/usr/bin:/usr/sbin:/var/lib/snapd/snap/bin:/home/marc/bin:/home/marc/.dotnet/tools:/home/marc/.antigen/bundles/romkatv/powerlevel10k:/home/marc/.antigen/bundles/robbyrussell/oh-my-zsh/themes:/home/marc/.antigen/bundles/robbyrussell/oh-my-zsh/themes:/home/marc/.antigen/bundles/robbyrussell/oh-my-zsh/themes:/home/marc/.antigen/bundles/zsh-users/zsh-completions:/home/marc/.antigen/bundles/zsh-users/zsh-syntax-highlighting:/home/marc/.antigen/bundles/agkozak/zsh-z:/home/marc/git/shell:/home/marc/.pyenv/bin:/home/marc/.pyenv/shims:/usr/local/opt/php@7.1/bin:/usr/local/opt/php@7.2/bin:/usr/local/opt/openjdk@11/bin:/usr/local/opt/openjdk/libexec/openjdk.jdk/Contents/Home/bin:/Library/Frameworks/Python.framework/Versions/3.6/bin:/Library/Frameworks/Python.framework/Versions/3.7/bin:/Library/Frameworks/Python.framework/Versions/3.8/bin:/Users/marcpartensky/.pyenv/versions/3.10-dev/bin:/usr/local/opt/grep/libexec/gnubin:/Users/marcpartensky/flutter/bin:/home/marc/.yarn/bin:/home/marc/.config/yarn/global/node_modules/.bin:/opt/local/bin:/opt/local/bin:/opt/local/sbin:/opt/gradle/gradle-7.0/bin:/home/marc/.cargo/bin:/home/marc/.local/bin:/usr/local/go/bin:/Applications/MAMP/bin:/var/lib/snapd/snap/bin:/home/linuxbrew/.linuxbrew/bin:/home/linuxbrew/.linuxbrew/sbin:/home/marc/go/bin:/home/linuxbrew/.linuxbrew/Cellar/mongodb-database-tools/100.5.1/bin

Yarn version: 
  1.22.17

Node version: 
  12.18.3

Platform: 
  linux x64

Trace: 
  Error: https://registry.npmjs.org/libman: Not found
      at Request.params.callback [as _callback] (/home/linuxbrew/.linuxbrew/Cellar/yarn/1.22.17/libexec/lib/cli.js:67029:18)
      at Request.self.callback (/home/linuxbrew/.linuxbrew/Cellar/yarn/1.22.17/libexec/lib/cli.js:140883:22)
      at Request.emit (events.js:315:20)
      at Request.<anonymous> (/home/linuxbrew/.linuxbrew/Cellar/yarn/1.22.17/libexec/lib/cli.js:141855:10)
      at Request.emit (events.js:315:20)
      at IncomingMessage.<anonymous> (/home/linuxbrew/.linuxbrew/Cellar/yarn/1.22.17/libexec/lib/cli.js:141777:12)
      at Object.onceWrapper (events.js:421:28)
      at IncomingMessage.emit (events.js:327:22)
      at endReadableNT (_stream_readable.js:1220:12)
      at processTicksAndRejections (internal/process/task_queues.js:84:21)

npm manifest: 
  {
    "devDependencies": {
      "yarn-upgrade-all": "^0.5.4"
    }
  }

yarn manifest: 
  No manifest

Lockfile: 
  No lockfile
